[debug] [2022-11-15T10:57:01.915Z] ----------------------------------------------------------------------
[debug] [2022-11-15T10:57:01.920Z] Command:       /usr/local/bin/node /usr/local/bin/firebase deploy
[debug] [2022-11-15T10:57:01.920Z] CLI Version:   10.0.1
[debug] [2022-11-15T10:57:01.921Z] Platform:      darwin
[debug] [2022-11-15T10:57:01.921Z] Node Version:  v14.18.0
[debug] [2022-11-15T10:57:01.930Z] Time:          Tue Nov 15 2022 16:27:01 GMT+0530 (India Standard Time)
[debug] [2022-11-15T10:57:01.930Z] ----------------------------------------------------------------------
[debug] 
[debug] [2022-11-15T10:57:01.934Z] >>> [apiv2][query] GET https://firebase-public.firebaseio.com/cli.json [none]
[debug] [2022-11-15T10:57:02.043Z] > command requires scopes: ["email","openid","https://www.googleapis.com/auth/cloudplatformprojects.readonly","https://www.googleapis.com/auth/firebase","https://www.googleapis.com/auth/cloud-platform"]
[debug] [2022-11-15T10:57:02.043Z] > authorizing via signed-in user (rahul18178@iiitd.ac.in)
[debug] [2022-11-15T10:57:02.044Z] [iam] checking project iiitd-student-playbook for permissions ["firebase.projects.get","firebasehosting.sites.update"]
[debug] [2022-11-15T10:57:02.045Z] > refreshing access token with scopes: ["email","https://www.googleapis.com/auth/cloud-platform","https://www.googleapis.com/auth/cloudplatformprojects.readonly","https://www.googleapis.com/auth/firebase","openid"]
[debug] [2022-11-15T10:57:02.046Z] >>> HTTP REQUEST POST https://www.googleapis.com/oauth2/v3/token  
 <request body omitted>
[debug] [2022-11-15T10:57:02.424Z] <<< HTTP RESPONSE 400 {"pragma":"no-cache","cache-control":"no-cache, no-store, max-age=0, must-revalidate","date":"Tue, 15 Nov 2022 10:57:02 GMT","expires":"Mon, 01 Jan 1990 00:00:00 GMT","content-type":"application/json; charset=utf-8","vary":"X-Origin, Referer, Origin,Accept-Encoding","server":"scaffolding on HTTPServer2","x-xss-protection":"0","x-frame-options":"SAMEORIGIN","x-content-type-options":"nosniff","alt-svc":"h3=\":443\"; ma=2592000,h3-29=\":443\"; ma=2592000,h3-Q050=\":443\"; ma=2592000,h3-Q046=\":443\"; ma=2592000,h3-Q043=\":443\"; ma=2592000,quic=\":443\"; ma=2592000; v=\"46,43\"","accept-ranges":"none","transfer-encoding":"chunked"}
[debug] [2022-11-15T10:57:02.426Z] >>> HTTP REQUEST POST https://cloudresourcemanager.googleapis.com/v1/projects/iiitd-student-playbook:testIamPermissions  
 {"permissions":["firebase.projects.get","firebasehosting.sites.update"]}
[debug] [2022-11-15T10:57:02.827Z] <<< [apiv2][status] GET https://firebase-public.firebaseio.com/cli.json 200
[debug] [2022-11-15T10:57:02.827Z] <<< [apiv2][body] GET https://firebase-public.firebaseio.com/cli.json {"cloudBuildErrorAfter":1594252800000,"cloudBuildWarnAfter":1590019200000,"defaultNode10After":1594252800000,"minVersion":"3.0.5","node8DeploysDisabledAfter":1613390400000,"node8RuntimeDisabledAfter":1615809600000,"node8WarnAfter":1600128000000}
[debug] [2022-11-15T10:57:04.287Z] <<< HTTP RESPONSE 401 {"www-authenticate":"Bearer realm=\"https://accounts.google.com/\", error=\"invalid_token\"","vary":"X-Origin, Referer, Origin,Accept-Encoding","content-type":"application/json; charset=UTF-8","date":"Tue, 15 Nov 2022 10:57:04 GMT","server":"ESF","cache-control":"private","x-xss-protection":"0","x-frame-options":"SAMEORIGIN","x-content-type-options":"nosniff","server-timing":"gfet4t7; dur=1496","alt-svc":"h3=\":443\"; ma=2592000,h3-29=\":443\"; ma=2592000,h3-Q050=\":443\"; ma=2592000,h3-Q046=\":443\"; ma=2592000,h3-Q043=\":443\"; ma=2592000,quic=\":443\"; ma=2592000; v=\"46,43\"","accept-ranges":"none","transfer-encoding":"chunked"}
[debug] [2022-11-15T10:57:04.288Z] <<< HTTP RESPONSE BODY {"error":{"code":401,"message":"Request had invalid authentication credentials. Expected OAuth 2 access token, login cookie or other valid authentication credential. See https://developers.google.com/identity/sign-in/web/devconsole-project.","status":"UNAUTHENTICATED","details":[{"@type":"type.googleapis.com/google.rpc.ErrorInfo","reason":"ACCESS_TOKEN_TYPE_UNSUPPORTED","metadata":{"service":"cloudresourcemanager.googleapis.com","method":"google.cloudresourcemanager.v1.Projects.TestIamPermissions"}}]}}
[debug] [2022-11-15T10:57:04.291Z] [iam] error while checking permissions, command may fail: FirebaseError: HTTP Error: 401, Request had invalid authentication credentials. Expected OAuth 2 access token, login cookie or other valid authentication credential. See https://developers.google.com/identity/sign-in/web/devconsole-project.
[debug] [2022-11-15T10:57:04.293Z] > refreshing access token with scopes: []
[debug] [2022-11-15T10:57:04.293Z] >>> HTTP REQUEST POST https://www.googleapis.com/oauth2/v3/token  
 <request body omitted>
[debug] [2022-11-15T10:57:04.594Z] <<< HTTP RESPONSE 400 {"date":"Tue, 15 Nov 2022 10:57:04 GMT","pragma":"no-cache","expires":"Mon, 01 Jan 1990 00:00:00 GMT","cache-control":"no-cache, no-store, max-age=0, must-revalidate","content-type":"application/json; charset=utf-8","vary":"X-Origin, Referer, Origin,Accept-Encoding","server":"scaffolding on HTTPServer2","x-xss-protection":"0","x-frame-options":"SAMEORIGIN","x-content-type-options":"nosniff","alt-svc":"h3=\":443\"; ma=2592000,h3-29=\":443\"; ma=2592000,h3-Q050=\":443\"; ma=2592000,h3-Q046=\":443\"; ma=2592000,h3-Q043=\":443\"; ma=2592000,quic=\":443\"; ma=2592000; v=\"46,43\"","accept-ranges":"none","transfer-encoding":"chunked"}
[debug] [2022-11-15T10:57:04.596Z] >>> [apiv2][query] GET https://firebase.googleapis.com/v1beta1/projects/iiitd-student-playbook [none]
[debug] [2022-11-15T10:57:05.014Z] <<< [apiv2][status] GET https://firebase.googleapis.com/v1beta1/projects/iiitd-student-playbook 401
[debug] [2022-11-15T10:57:05.014Z] <<< [apiv2][body] GET https://firebase.googleapis.com/v1beta1/projects/iiitd-student-playbook {"error":{"code":401,"message":"Request had invalid authentication credentials. Expected OAuth 2 access token, login cookie or other valid authentication credential. See https://developers.google.com/identity/sign-in/web/devconsole-project.","status":"UNAUTHENTICATED"}}
[debug] [2022-11-15T10:57:05.015Z] HTTP Error: 401, Request had invalid authentication credentials. Expected OAuth 2 access token, login cookie or other valid authentication credential. See https://developers.google.com/identity/sign-in/web/devconsole-project.
[debug] [2022-11-15T10:57:05.016Z] FirebaseError: HTTP Error: 401, Request had invalid authentication credentials. Expected OAuth 2 access token, login cookie or other valid authentication credential. See https://developers.google.com/identity/sign-in/web/devconsole-project.
    at module.exports (/usr/local/lib/node_modules/firebase-tools/lib/responseToError.js:38:12)
    at Client.doRequest (/usr/local/lib/node_modules/firebase-tools/lib/apiv2.js:241:23)
    at processTicksAndRejections (internal/process/task_queues.js:95:5)
    at async Client.request (/usr/local/lib/node_modules/firebase-tools/lib/apiv2.js:96:20)
    at async Object.getFirebaseProject (/usr/local/lib/node_modules/firebase-tools/lib/management/projects.js:290:21)
    at async Object.getDefaultHostingSite (/usr/local/lib/node_modules/firebase-tools/lib/getDefaultHostingSite.js:8:21)
    at async requireHostingSite (/usr/local/lib/node_modules/firebase-tools/lib/requireHostingSite.js:9:18)
    at async Object.fn (/usr/local/lib/node_modules/firebase-tools/lib/commands/deploy.js:73:9)
    at async /usr/local/lib/node_modules/firebase-tools/lib/command.js:188:17
[error] 
[error] Error: Failed to get Firebase project iiitd-student-playbook. Please make sure the project exists and your account has permission to access it.
[debug] [2022-11-15T10:58:55.259Z] ----------------------------------------------------------------------
[debug] [2022-11-15T10:58:55.262Z] Command:       /usr/local/bin/node /usr/local/bin/firebase use --add
[debug] [2022-11-15T10:58:55.262Z] CLI Version:   10.0.1
[debug] [2022-11-15T10:58:55.263Z] Platform:      darwin
[debug] [2022-11-15T10:58:55.263Z] Node Version:  v14.18.0
[debug] [2022-11-15T10:58:55.264Z] Time:          Tue Nov 15 2022 16:28:55 GMT+0530 (India Standard Time)
[debug] [2022-11-15T10:58:55.264Z] ----------------------------------------------------------------------
[debug] 
[debug] [2022-11-15T10:58:55.349Z] > command requires scopes: ["email","openid","https://www.googleapis.com/auth/cloudplatformprojects.readonly","https://www.googleapis.com/auth/firebase","https://www.googleapis.com/auth/cloud-platform"]
[debug] [2022-11-15T10:58:55.350Z] > authorizing via signed-in user (rahul18178@iiitd.ac.in)
[debug] [2022-11-15T10:58:55.352Z] > refreshing access token with scopes: []
[debug] [2022-11-15T10:58:55.353Z] >>> HTTP REQUEST POST https://www.googleapis.com/oauth2/v3/token  
 <request body omitted>
[debug] [2022-11-15T10:58:55.766Z] <<< HTTP RESPONSE 400 {"pragma":"no-cache","cache-control":"no-cache, no-store, max-age=0, must-revalidate","date":"Tue, 15 Nov 2022 10:58:55 GMT","expires":"Mon, 01 Jan 1990 00:00:00 GMT","content-type":"application/json; charset=utf-8","vary":"X-Origin, Referer, Origin,Accept-Encoding","server":"scaffolding on HTTPServer2","x-xss-protection":"0","x-frame-options":"SAMEORIGIN","x-content-type-options":"nosniff","alt-svc":"h3=\":443\"; ma=2592000,h3-29=\":443\"; ma=2592000,h3-Q050=\":443\"; ma=2592000,h3-Q046=\":443\"; ma=2592000,h3-Q043=\":443\"; ma=2592000,quic=\":443\"; ma=2592000; v=\"46,43\"","accept-ranges":"none","transfer-encoding":"chunked"}
[debug] [2022-11-15T10:58:55.769Z] >>> [apiv2][query] GET https://firebase.googleapis.com/v1beta1/projects pageSize=1000
[debug] [2022-11-15T10:58:56.246Z] <<< [apiv2][status] GET https://firebase.googleapis.com/v1beta1/projects 401
[debug] [2022-11-15T10:58:56.246Z] <<< [apiv2][body] GET https://firebase.googleapis.com/v1beta1/projects [omitted]
[debug] [2022-11-15T10:58:56.247Z] HTTP Error: 401, Request had invalid authentication credentials. Expected OAuth 2 access token, login cookie or other valid authentication credential. See https://developers.google.com/identity/sign-in/web/devconsole-project.
[debug] [2022-11-15T10:58:56.248Z] FirebaseError: HTTP Error: 401, Request had invalid authentication credentials. Expected OAuth 2 access token, login cookie or other valid authentication credential. See https://developers.google.com/identity/sign-in/web/devconsole-project.
    at module.exports (/usr/local/lib/node_modules/firebase-tools/lib/responseToError.js:38:12)
    at Client.doRequest (/usr/local/lib/node_modules/firebase-tools/lib/apiv2.js:241:23)
    at processTicksAndRejections (internal/process/task_queues.js:95:5)
    at async Client.request (/usr/local/lib/node_modules/firebase-tools/lib/apiv2.js:96:20)
    at async getProjectPage (/usr/local/lib/node_modules/firebase-tools/lib/management/projects.js:233:17)
    at async getFirebaseProjectPage (/usr/local/lib/node_modules/firebase-tools/lib/management/projects.js:250:23)
    at async listFirebaseProjects (/usr/local/lib/node_modules/firebase-tools/lib/management/projects.js:281:29)
[error] 
[error] Error: Failed to list Firebase projects. See firebase-debug.log for more info.
[debug] [2022-11-15T11:02:30.119Z] ----------------------------------------------------------------------
[debug] [2022-11-15T11:02:30.123Z] Command:       /usr/local/bin/node /usr/local/bin/firebase init hosting:github
[debug] [2022-11-15T11:02:30.124Z] CLI Version:   10.0.1
[debug] [2022-11-15T11:02:30.124Z] Platform:      darwin
[debug] [2022-11-15T11:02:30.124Z] Node Version:  v14.18.0
[debug] [2022-11-15T11:02:30.127Z] Time:          Tue Nov 15 2022 16:32:30 GMT+0530 (India Standard Time)
[debug] [2022-11-15T11:02:30.127Z] ----------------------------------------------------------------------
[debug] 
[debug] [2022-11-15T11:02:30.213Z] > command requires scopes: ["email","openid","https://www.googleapis.com/auth/cloudplatformprojects.readonly","https://www.googleapis.com/auth/firebase","https://www.googleapis.com/auth/cloud-platform"]
[debug] [2022-11-15T11:02:30.213Z] > authorizing via signed-in user (rahul18178@iiitd.ac.in)
[info] 
     ######## #### ########  ######## ########     ###     ######  ########
     ##        ##  ##     ## ##       ##     ##  ##   ##  ##       ##
     ######    ##  ########  ######   ########  #########  ######  ######
     ##        ##  ##    ##  ##       ##     ## ##     ##       ## ##
     ##       #### ##     ## ######## ########  ##     ##  ######  ########

You're about to initialize a Firebase project in this directory:

  /Users/b1u3b01t/Documents/development/iiitdplaybook

Before we get started, keep in mind:

  * You are initializing within an existing Firebase project directory

[info] 
=== Project Setup
[info] 
[info] First, let's associate this project directory with a Firebase project.
[info] You can create multiple project aliases by running firebase use --add, 
[info] but for now we'll just set up a default project.
[info] 
[debug] [2022-11-15T11:02:30.250Z] Using project from CLI flag: iiitd-student-playbook
[debug] [2022-11-15T11:02:30.256Z] > refreshing access token with scopes: []
[debug] [2022-11-15T11:02:30.256Z] >>> HTTP REQUEST POST https://www.googleapis.com/oauth2/v3/token  
 <request body omitted>
[debug] [2022-11-15T11:02:31.013Z] <<< HTTP RESPONSE 400 {"date":"Tue, 15 Nov 2022 11:02:30 GMT","pragma":"no-cache","cache-control":"no-cache, no-store, max-age=0, must-revalidate","expires":"Mon, 01 Jan 1990 00:00:00 GMT","content-type":"application/json; charset=utf-8","vary":"X-Origin, Referer, Origin,Accept-Encoding","server":"scaffolding on HTTPServer2","x-xss-protection":"0","x-frame-options":"SAMEORIGIN","x-content-type-options":"nosniff","alt-svc":"h3=\":443\"; ma=2592000,h3-29=\":443\"; ma=2592000,h3-Q050=\":443\"; ma=2592000,h3-Q046=\":443\"; ma=2592000,h3-Q043=\":443\"; ma=2592000,quic=\":443\"; ma=2592000; v=\"46,43\"","accept-ranges":"none","transfer-encoding":"chunked"}
[debug] [2022-11-15T11:02:31.017Z] >>> [apiv2][query] GET https://firebase.googleapis.com/v1beta1/projects/iiitd-student-playbook [none]
[debug] [2022-11-15T11:02:31.740Z] <<< [apiv2][status] GET https://firebase.googleapis.com/v1beta1/projects/iiitd-student-playbook 401
[debug] [2022-11-15T11:02:31.740Z] <<< [apiv2][body] GET https://firebase.googleapis.com/v1beta1/projects/iiitd-student-playbook {"error":{"code":401,"message":"Request had invalid authentication credentials. Expected OAuth 2 access token, login cookie or other valid authentication credential. See https://developers.google.com/identity/sign-in/web/devconsole-project.","status":"UNAUTHENTICATED"}}
[debug] [2022-11-15T11:02:31.741Z] HTTP Error: 401, Request had invalid authentication credentials. Expected OAuth 2 access token, login cookie or other valid authentication credential. See https://developers.google.com/identity/sign-in/web/devconsole-project.
[debug] [2022-11-15T11:02:31.743Z] FirebaseError: HTTP Error: 401, Request had invalid authentication credentials. Expected OAuth 2 access token, login cookie or other valid authentication credential. See https://developers.google.com/identity/sign-in/web/devconsole-project.
    at module.exports (/usr/local/lib/node_modules/firebase-tools/lib/responseToError.js:38:12)
    at Client.doRequest (/usr/local/lib/node_modules/firebase-tools/lib/apiv2.js:241:23)
    at processTicksAndRejections (internal/process/task_queues.js:95:5)
    at async Client.request (/usr/local/lib/node_modules/firebase-tools/lib/apiv2.js:96:20)
    at async Object.getFirebaseProject (/usr/local/lib/node_modules/firebase-tools/lib/management/projects.js:290:21)
    at async Object.doSetup [as project] (/usr/local/lib/node_modules/firebase-tools/lib/init/features/project.js:85:27)
    at async init (/usr/local/lib/node_modules/firebase-tools/lib/init/index.js:19:9)
[error] 
[error] Error: Failed to get Firebase project iiitd-student-playbook. Please make sure the project exists and your account has permission to access it.
[debug] [2022-11-15T11:02:48.273Z] ----------------------------------------------------------------------
[debug] [2022-11-15T11:02:48.276Z] Command:       /usr/local/bin/node /usr/local/bin/firebase init
[debug] [2022-11-15T11:02:48.276Z] CLI Version:   10.0.1
[debug] [2022-11-15T11:02:48.277Z] Platform:      darwin
[debug] [2022-11-15T11:02:48.277Z] Node Version:  v14.18.0
[debug] [2022-11-15T11:02:48.278Z] Time:          Tue Nov 15 2022 16:32:48 GMT+0530 (India Standard Time)
[debug] [2022-11-15T11:02:48.278Z] ----------------------------------------------------------------------
[debug] 
[debug] [2022-11-15T11:02:48.358Z] > command requires scopes: ["email","openid","https://www.googleapis.com/auth/cloudplatformprojects.readonly","https://www.googleapis.com/auth/firebase","https://www.googleapis.com/auth/cloud-platform"]
[debug] [2022-11-15T11:02:48.358Z] > authorizing via signed-in user (rahul18178@iiitd.ac.in)
[info] 
     ######## #### ########  ######## ########     ###     ######  ########
     ##        ##  ##     ## ##       ##     ##  ##   ##  ##       ##
     ######    ##  ########  ######   ########  #########  ######  ######
     ##        ##  ##    ##  ##       ##     ## ##     ##       ## ##
     ##       #### ##     ## ######## ########  ##     ##  ######  ########

You're about to initialize a Firebase project in this directory:

  /Users/b1u3b01t/Documents/development/iiitdplaybook

Before we get started, keep in mind:

  * You are initializing within an existing Firebase project directory

[info] 
=== Project Setup
[info] 
[info] First, let's associate this project directory with a Firebase project.
[info] You can create multiple project aliases by running firebase use --add, 
[info] but for now we'll just set up a default project.
[info] 
[debug] [2022-11-15T11:03:17.170Z] Using project from CLI flag: iiitd-student-playbook
[debug] [2022-11-15T11:03:17.173Z] > refreshing access token with scopes: []
[debug] [2022-11-15T11:03:17.174Z] >>> HTTP REQUEST POST https://www.googleapis.com/oauth2/v3/token  
 <request body omitted>
[debug] [2022-11-15T11:03:17.549Z] <<< HTTP RESPONSE 400 {"expires":"Mon, 01 Jan 1990 00:00:00 GMT","date":"Tue, 15 Nov 2022 11:03:17 GMT","pragma":"no-cache","cache-control":"no-cache, no-store, max-age=0, must-revalidate","content-type":"application/json; charset=utf-8","vary":"X-Origin, Referer, Origin,Accept-Encoding","server":"scaffolding on HTTPServer2","x-xss-protection":"0","x-frame-options":"SAMEORIGIN","x-content-type-options":"nosniff","alt-svc":"h3=\":443\"; ma=2592000,h3-29=\":443\"; ma=2592000,h3-Q050=\":443\"; ma=2592000,h3-Q046=\":443\"; ma=2592000,h3-Q043=\":443\"; ma=2592000,quic=\":443\"; ma=2592000; v=\"46,43\"","accept-ranges":"none","transfer-encoding":"chunked"}
[debug] [2022-11-15T11:03:17.553Z] >>> [apiv2][query] GET https://firebase.googleapis.com/v1beta1/projects/iiitd-student-playbook [none]
[debug] [2022-11-15T11:03:17.965Z] <<< [apiv2][status] GET https://firebase.googleapis.com/v1beta1/projects/iiitd-student-playbook 401
[debug] [2022-11-15T11:03:17.966Z] <<< [apiv2][body] GET https://firebase.googleapis.com/v1beta1/projects/iiitd-student-playbook {"error":{"code":401,"message":"Request had invalid authentication credentials. Expected OAuth 2 access token, login cookie or other valid authentication credential. See https://developers.google.com/identity/sign-in/web/devconsole-project.","status":"UNAUTHENTICATED"}}
[debug] [2022-11-15T11:03:17.967Z] HTTP Error: 401, Request had invalid authentication credentials. Expected OAuth 2 access token, login cookie or other valid authentication credential. See https://developers.google.com/identity/sign-in/web/devconsole-project.
[debug] [2022-11-15T11:03:17.968Z] FirebaseError: HTTP Error: 401, Request had invalid authentication credentials. Expected OAuth 2 access token, login cookie or other valid authentication credential. See https://developers.google.com/identity/sign-in/web/devconsole-project.
    at module.exports (/usr/local/lib/node_modules/firebase-tools/lib/responseToError.js:38:12)
    at Client.doRequest (/usr/local/lib/node_modules/firebase-tools/lib/apiv2.js:241:23)
    at processTicksAndRejections (internal/process/task_queues.js:95:5)
    at async Client.request (/usr/local/lib/node_modules/firebase-tools/lib/apiv2.js:96:20)
    at async Object.getFirebaseProject (/usr/local/lib/node_modules/firebase-tools/lib/management/projects.js:290:21)
    at async Object.doSetup [as project] (/usr/local/lib/node_modules/firebase-tools/lib/init/features/project.js:85:27)
    at async init (/usr/local/lib/node_modules/firebase-tools/lib/init/index.js:19:9)
[error] 
[error] Error: Failed to get Firebase project iiitd-student-playbook. Please make sure the project exists and your account has permission to access it.
